
ROM used: 69 (1%)
          69 (1%) including unused fragments

          0 Average locations per line
          5 Average locations per statement

RAM used: 8 (2%) at main() level
          8 (2%) worst case

Stack used: 0 worst case (out of 8 total available)

Lines Stmts  %   Files
----- ----- ---  -----
   56    14 100  Port Okuma ve Bilgi Gönderme.c
  285     0   0  ..\..\..\..\..\..\..\Program Files (x86)\PICC\devices\16F877.h
----- -----
  341    14 Total

Page ROM  %  RAM   Vol Diff  Functions:
---- --- --- ---   --- ----  ----------
0     65  94   0   333  3.7  main

Program metrics:
    Functions               1
    Statements              14
    Comments                79
    Volume (V)              333
    Difficilty (D)          3.7
    Effort to implement (E) 1246
    Time to implement (T)   1 minutes
    Est Delivered Bugs (B)  0
    Cyclomatic Complexity   1
    Maintainability (MI)    144

 Segment     Used  Free
-----------  ----  ----
00000-00003     4  0  
00004-007FF    65  1979  
00800-00FFF     0  2048  
01000-017FF     0  2048  
01800-01FFF     0  2048  



