
ROM used: 61 (1%)
          61 (1%) including unused fragments

          0 Average locations per line
          8 Average locations per statement

RAM used: 7 (2%) at main() level
          7 (2%) worst case

Stack used: 0 worst case (out of 8 total available)

Lines Stmts  %   Files
----- ----- ---  -----
   36     8 100  Led Yakma.c
  285     0   0  ..\..\..\..\..\..\..\Program Files (x86)\PICC\devices\16F877.h
----- -----
  321     8 Total

Page ROM  %  RAM   Vol Diff  Functions:
---- --- --- ---   --- ----  ----------
0     57  93   0   188  2.3  main

Program metrics:
    Functions               1
    Statements              8
    Comments                74
    Volume (V)              188
    Difficilty (D)          2.3
    Effort to implement (E) 425
    Time to implement (T)   0 minutes
    Est Delivered Bugs (B)  0
    Cyclomatic Complexity   1
    Maintainability (MI)    144

 Segment     Used  Free
-----------  ----  ----
00000-00003     4  0  
00004-007FF    57  1987  
00800-00FFF     0  2048  
01000-017FF     0  2048  
01800-01FFF     0  2048  



