
ROM used: 130 (2%)
          130 (2%) including unused fragments

          0 Average locations per line
          6 Average locations per statement

RAM used: 16 (4%) at main() level
          16 (4%) worst case

Stack used: 1 worst case (out of 7 total available)

Lines Stmts  %   Files
----- ----- ---  -----
   56    22 100  Timer1Uyg1.c
  285     0   0  ..\..\..\..\..\..\..\..\Program Files (x86)\PICC\devices\16F877.h
----- -----
  341    22 Total

Page ROM  %  RAM   Vol Diff  Functions:
---- --- --- ---   --- ----  ----------
0     19  15   0   143  3.0  timer1_kesme
0     58  45   0   310  2.8  MAIN

Program metrics:
    Functions               2
    Statements              22
    Comments                68
    Volume (V)              539
    Difficilty (D)          5.9
    Effort to implement (E) 3192
    Time to implement (T)   3 minutes
    Est Delivered Bugs (B)  0
    Cyclomatic Complexity   2
    Maintainability (MI)    122

 Segment     Used  Free
-----------  ----  ----
00000-00003     4  0  
00004-00034    49  0  
00035-007FF    77  1918  
00800-00FFF     0  2048  
01000-017FF     0  2048  
01800-01FFF     0  2048  



