
ROM used: 137 (2%)
          137 (2%) including unused fragments

          0 Average locations per line
          7 Average locations per statement

RAM used: 20 (5%) at main() level
          21 (6%) worst case

Stack used: 1 worst case (out of 8 total available)

Lines Stmts  %   Files
----- ----- ---  -----
   59    19 100  74164Entegre.c
  285     0   0  ..\..\..\..\..\..\..\..\Program Files (x86)\PICC\devices\16F877.h
----- -----
  344    19 Total

Page ROM  %  RAM   Vol Diff  Functions:
---- --- --- ---   --- ----  ----------
0     23  17   1             @delay_ms1
0    110  80   1   555  4.8  main

Program metrics:
    Functions               1
    Statements              19
    Comments                77
    Volume (V)              558
    Difficilty (D)          4.7
    Effort to implement (E) 2606
    Time to implement (T)   2 minutes
    Est Delivered Bugs (B)  0
    Cyclomatic Complexity   2
    Maintainability (MI)    133

 Segment     Used  Free
-----------  ----  ----
00000-00003     4  0  
00004-007FF   133  1911  
00800-00FFF     0  2048  
01000-017FF     0  2048  
01800-01FFF     0  2048  



