
ROM used: 163 (2%)
          163 (2%) including unused fragments

          0 Average locations per line
          6 Average locations per statement

RAM used: 17 (5%) at main() level
          18 (5%) worst case

Stack used: 2 worst case (out of 7 total available)

Lines Stmts  %   Files
----- ----- ---  -----
   63    29 100  Timer 0 Uyg1.c
  285     0   0  ..\..\..\..\..\..\..\..\..\Program Files (x86)\PICC\devices\16F877.h
----- -----
  348    29 Total

Page ROM  %  RAM   Vol Diff  Functions:
---- --- --- ---   --- ----  ----------
0     23  14   1             @delay_ms1
0     15   9   0   115  2.5  timer0_kesme
0     74  45   1   538  3.3  MAIN

Program metrics:
    Functions               2
    Statements              29
    Comments                68
    Volume (V)              749
    Difficilty (D)          6.0
    Effort to implement (E) 4463
    Time to implement (T)   4 minutes
    Est Delivered Bugs (B)  0
    Cyclomatic Complexity   3
    Maintainability (MI)    116

 Segment     Used  Free
-----------  ----  ----
00000-00003     4  0  
00004-00032    47  0  
00033-007FF   112  1885  
00800-00FFF     0  2048  
01000-017FF     0  2048  
01800-01FFF     0  2048  



