;  LST file generated by mikroListExporter - v.2.0 
; Date/Time: 12.11.2013 22:07:03
;----------------------------------------------

;Address Opcode 	ASM
0x0000	0x2850      	GOTO       80
_Interrupt:
0x0004	0x00FF      	MOVWF      R15
0x0005	0x0E03      	SWAPF      STATUS, 0
0x0006	0x0183      	CLRF       STATUS
0x0007	0x00A7      	MOVWF      ___saveSTATUS
0x0008	0x080A      	MOVF       PCLATH, 0
0x0009	0x00A6      	MOVWF      ___savePCLATH
0x000A	0x018A      	CLRF       PCLATH
0x000B	0x0870      	MOVF       R0, 0
0x000C	0x00A0      	MOVWF      32
;Timer0Zamanlayici.c,15 :: 		void Interrupt()
;Timer0Zamanlayici.c,17 :: 		if (INTCON.T0IF) // eðer Timer0 kesme bayraðý dikilmiþse
0x000D	0x1D0B      	BTFSS      INTCON, 2
0x000E	0x281B      	GOTO       L_Interrupt0
;Timer0Zamanlayici.c,19 :: 		TMR0 = 100; // TMR0 içeriðini ön deðeri (100) yükle
0x000F	0x3064      	MOVLW      100
0x0010	0x0081      	MOVWF      TMR0
;Timer0Zamanlayici.c,20 :: 		INTCON.T0IF = 0; // kesme bayraðýný sýfýrla
0x0011	0x110B      	BCF        INTCON, 2
;Timer0Zamanlayici.c,21 :: 		salise++; //salise'yi 1 arttýr
0x0012	0x0AA3      	INCF       _salise, 1
;Timer0Zamanlayici.c,22 :: 		PORTA.B0=~PORTA.B0; // salise bilgisini görmek için PORTA pin0 tersleniyor.
0x0013	0x3001      	MOVLW      1
0x0014	0x0685      	XORWF      PORTA, 1
;Timer0Zamanlayici.c,23 :: 		if(salise==100) // eðer salise 100 olduysa;
0x0015	0x0823      	MOVF       _salise, 0
0x0016	0x3A64      	XORLW      100
0x0017	0x1D03      	BTFSS      STATUS, 2
0x0018	0x281B      	GOTO       L_Interrupt1
;Timer0Zamanlayici.c,25 :: 		saniye++; // saniyeyi 1 arttýr
0x0019	0x0AA2      	INCF       _saniye, 1
;Timer0Zamanlayici.c,26 :: 		salise=0; // saliseyi sýfýrla
0x001A	0x01A3      	CLRF       _salise
;Timer0Zamanlayici.c,28 :: 		}
L_Interrupt1:
;Timer0Zamanlayici.c,29 :: 		}
L_Interrupt0:
;Timer0Zamanlayici.c,30 :: 		}
L_end_Interrupt:
L__Interrupt8:
0x001B	0x0820      	MOVF       32, 0
0x001C	0x00F0      	MOVWF      R0
0x001D	0x0826      	MOVF       ___savePCLATH, 0
0x001E	0x008A      	MOVWF      PCLATH
0x001F	0x0E27      	SWAPF      ___saveSTATUS, 0
0x0020	0x0083      	MOVWF      STATUS
0x0021	0x0EFF      	SWAPF      R15, 1
0x0022	0x0E7F      	SWAPF      R15, 0
0x0023	0x0009      	RETFIE
; end of _Interrupt
_InitTimer0:
;Timer0Zamanlayici.c,3 :: 		void InitTimer0()
;Timer0Zamanlayici.c,5 :: 		OPTION_REG.T0CS=0; // sistem clocktan sayma
0x0024	0x1683      	BSF        STATUS, 5
0x0025	0x1303      	BCF        STATUS, 6
0x0026	0x1281      	BCF        OPTION_REG, 5
;Timer0Zamanlayici.c,6 :: 		OPTION_REG.PSA=0; // ölçeklendirme timer0 için
0x0027	0x1181      	BCF        OPTION_REG, 3
;Timer0Zamanlayici.c,7 :: 		OPTION_REG.PS2 = 1; // bits 2-0 PS2:PS0: Prescaler Rate 1:64 Select bits
0x0028	0x1501      	BSF        OPTION_REG, 2
;Timer0Zamanlayici.c,8 :: 		OPTION_REG.PS1 = 0;
0x0029	0x1081      	BCF        OPTION_REG, 1
;Timer0Zamanlayici.c,9 :: 		OPTION_REG.PS0 = 1;
0x002A	0x1401      	BSF        OPTION_REG, 0
;Timer0Zamanlayici.c,10 :: 		TMR0=100; // Timer0 ön deðerini yükle
0x002B	0x3064      	MOVLW      100
0x002C	0x1283      	BCF        STATUS, 5
0x002D	0x0081      	MOVWF      TMR0
;Timer0Zamanlayici.c,11 :: 		INTCON.T0IE=1; // timer0 kesmesine izin ver
0x002E	0x168B      	BSF        INTCON, 5
;Timer0Zamanlayici.c,12 :: 		INTCON.GIE=1; // bütün kesmelere izin ver
0x002F	0x178B      	BSF        INTCON, 7
;Timer0Zamanlayici.c,13 :: 		}
L_end_InitTimer0:
0x0030	0x0008      	RETURN
; end of _InitTimer0
_____DoICP:
;__Lib_System.c,6 :: 		
;__Lib_System.c,9 :: 		
0x0031	0x1283      	BCF        STATUS, 5
0x0032	0x1303      	BCF        STATUS, 6
0x0033	0x0825      	MOVF       ___DoICPAddr+1, 0
0x0034	0x008A      	MOVWF      PCLATH
;__Lib_System.c,10 :: 		
0x0035	0x0824      	MOVF       ___DoICPAddr, 0
0x0036	0x0082      	MOVWF      PCL
;__Lib_System.c,12 :: 		
L_end_____DoICP:
0x0037	0x0008      	RETURN
; end of _____DoICP
___CC2DW:
;__Lib_System.c,134 :: 		
;__Lib_System.c,137 :: 		
_CC2D_Loop1:
;__Lib_System.c,139 :: 		
0x0038	0x2031      	CALL       _____DoICP
0x0039	0x118A      	BCF        PCLATH, 3
0x003A	0x120A      	BCF        PCLATH, 4
;__Lib_System.c,141 :: 		
0x003B	0x0080      	MOVWF      INDF
;__Lib_System.c,142 :: 		
0x003C	0x0A84      	INCF       FSR, 1
;__Lib_System.c,143 :: 		
0x003D	0x0AA4      	INCF       ___DoICPAddr, 1
;__Lib_System.c,145 :: 		
0x003E	0x1903      	BTFSC      STATUS, 2
;__Lib_System.c,146 :: 		
0x003F	0x0AA5      	INCF       ___DoICPAddr+1, 1
;__Lib_System.c,147 :: 		
0x0040	0x03F0      	DECF       R0, 1
;__Lib_System.c,149 :: 		
0x0041	0x1D03      	BTFSS      STATUS, 2
;__Lib_System.c,150 :: 		
0x0042	0x2838      	GOTO       _CC2D_Loop1
;__Lib_System.c,152 :: 		
L_end___CC2DW:
0x0043	0x0008      	RETURN
; end of ___CC2DW
_kurulum:
;Timer0Zamanlayici.c,32 :: 		void kurulum()
;Timer0Zamanlayici.c,34 :: 		CMCON=7;
0x0044	0x3007      	MOVLW      7
0x0045	0x1283      	BCF        STATUS, 5
0x0046	0x1303      	BCF        STATUS, 6
0x0047	0x009F      	MOVWF      CMCON
;Timer0Zamanlayici.c,35 :: 		TRISA=0;
0x0048	0x1683      	BSF        STATUS, 5
0x0049	0x0185      	CLRF       TRISA
;Timer0Zamanlayici.c,36 :: 		TRISB=0; // PORTB çýkýþ
0x004A	0x0186      	CLRF       TRISB
;Timer0Zamanlayici.c,37 :: 		PORTA=0; // PORTA'yý sýfýrla
0x004B	0x1283      	BCF        STATUS, 5
0x004C	0x0185      	CLRF       PORTA
;Timer0Zamanlayici.c,38 :: 		PORTB=0; // PORTB'yi sýfýrla
0x004D	0x0186      	CLRF       PORTB
;Timer0Zamanlayici.c,39 :: 		InitTimer0(); // timer 0 kurulum ayarlarýný çalýþtýr
0x004E	0x2024      	CALL       _InitTimer0
;Timer0Zamanlayici.c,40 :: 		}
L_end_kurulum:
0x004F	0x0008      	RETURN
; end of _kurulum
_main:
0x0050	0x1283      	BCF        STATUS, 5
0x0051	0x1303      	BCF        STATUS, 6
0x0052	0x01A1      	CLRF       _saniye_eski
0x0053	0x01A2      	CLRF       _saniye
0x0054	0x01A3      	CLRF       _salise
;Timer0Zamanlayici.c,41 :: 		void main()
;Timer0Zamanlayici.c,43 :: 		kurulum(); // kurulum fonksiyonunu çalýþtýr.
0x0055	0x2044      	CALL       _kurulum
;Timer0Zamanlayici.c,44 :: 		do // sonsuz döngü baþlangýcý
L_main2:
;Timer0Zamanlayici.c,46 :: 		if(saniye_eski!=saniye) // eðer saniye deðeri eski deðerinden farklý ise;
0x0056	0x0821      	MOVF       _saniye_eski, 0
0x0057	0x0622      	XORWF      _saniye, 0
0x0058	0x1903      	BTFSC      STATUS, 2
0x0059	0x285E      	GOTO       L_main5
;Timer0Zamanlayici.c,48 :: 		PORTB=saniye; // PORTB'ye TMR0 içeriðini yükle
0x005A	0x0822      	MOVF       _saniye, 0
0x005B	0x0086      	MOVWF      PORTB
;Timer0Zamanlayici.c,49 :: 		saniye_eski=saniye; // saniye_eski deðerini tazele
0x005C	0x0822      	MOVF       _saniye, 0
0x005D	0x00A1      	MOVWF      _saniye_eski
;Timer0Zamanlayici.c,50 :: 		}
L_main5:
;Timer0Zamanlayici.c,51 :: 		}while(1);
0x005E	0x2856      	GOTO       L_main2
;Timer0Zamanlayici.c,52 :: 		}
L_end_main:
0x005F	0x285F      	GOTO       $+0
; end of _main
Symbol List:
//** Routines locations **
//ADDRESS    SIZE    PROCEDURE
//----------------------------------------------
0x0004      [32]    _Interrupt
0x0024      [13]    _InitTimer0
0x0031       [7]    _____DoICP
0x0038      [12]    ___CC2DW
0x0044      [12]    _kurulum
0x0050      [16]    _main
//** Variables locations ** 
//ADDRESS    SIZE    VARIABLE
//----------------------------------------------
0x0000       [1]    INDF
0x0001       [1]    TMR0
0x0002       [1]    PCL
0x0003       [1]    STATUS
0x0004       [1]    FSR
0x0005       [1]    PORTA
0x0006       [1]    PORTB
0x000A       [1]    PCLATH
0x000B       [1]    INTCON
0x001F       [1]    CMCON
0x0021       [1]    _saniye_eski
0x0022       [1]    _saniye
0x0023       [1]    _salise
0x0024       [2]    ___DoICPAddr
0x0026       [1]    ___savePCLATH
0x0027       [1]    ___saveSTATUS
0x0070       [1]    R0
0x0071       [1]    R1
0x0072       [1]    R2
0x0073       [1]    R3
0x0074       [1]    R4
0x0075       [1]    R5
0x0076       [1]    R6
0x0077       [1]    R7
0x0078       [1]    R8
0x0079       [1]    R9
0x007A       [1]    R10
0x007B       [1]    R11
0x007C       [1]    R12
0x007D       [1]    R13
0x007E       [1]    R14
0x007F       [1]    R15
0x0081       [1]    OPTION_REG
0x0085       [1]    TRISA
0x0086       [1]    TRISB
//** Label List: ** 
//----------------------------------------------
  L_Interrupt0
  L_Interrupt1
  L_main2
  L_main3
  L_main4
  L_main5
  L_end_InitTimer0
  _InitTimer0
  L_end_Interrupt
  _Interrupt
  L__Interrupt8
  L_end_kurulum
  _kurulum
  L_end_main
  _main
  L_loopCA2AWs
  L_CA2AWend
  _CCA2AW_Loop1
  L_loopCS2Ss
  L_CS2Send
  _CCS2S_Loop1
  L_CCS2Send
  L_loopFZinSWs
  L_FZinSend
  _CC2D_Loop1
  L_end_____DoICP
  _____DoICP
  L_end_____DoIFC
  _____DoIFC
  L_end___CA2AW
  ___CA2AW
  L_end___CCA2AW
  ___CCA2AW
  L_end___CS2S
  ___CS2S
  L_end___CCS2S
  ___CCS2S
  L_end___FZinS
  ___FZinS
  L_end___CC2DW
  ___CC2DW
  L_end_Swap
  _Swap
  L_Interrupt0
  L_Interrupt1
  L_main2
  L_main3
  L_main4
  L_main5
  L_end_InitTimer0
  _InitTimer0
  L_end_Interrupt
  _Interrupt
  L__Interrupt8
  L_end_kurulum
  _kurulum
  L_end_main
  _main
