
ROM used: 125 (2%)
          125 (2%) including unused fragments

          0 Average locations per line
          6 Average locations per statement

RAM used: 16 (4%) at main() level
          16 (4%) worst case

Stack used: 1 worst case (out of 7 total available)

Lines Stmts  %   Files
----- ----- ---  -----
   56    21 100  Timer 0 Uyg2.c
  285     0   0  ..\..\..\..\..\..\..\..\Program Files (x86)\PICC\devices\16F877.h
----- -----
  341    21 Total

Page ROM  %  RAM   Vol Diff  Functions:
---- --- --- ---   --- ----  ----------
0     13  10   0    92  2.9  timer0_kesme
0     61  49   0   362  2.8  MAIN

Program metrics:
    Functions               2
    Statements              21
    Comments                68
    Volume (V)              527
    Difficilty (D)          5.9
    Effort to implement (E) 3122
    Time to implement (T)   3 minutes
    Est Delivered Bugs (B)  0
    Cyclomatic Complexity   1
    Maintainability (MI)    123

 Segment     Used  Free
-----------  ----  ----
00000-00003     4  0  
00004-00032    47  0  
00033-007FF    74  1923  
00800-00FFF     0  2048  
01000-017FF     0  2048  
01800-01FFF     0  2048  



