
ROM used: 71 (1%)
          71 (1%) including unused fragments

          0 Average locations per line
          4 Average locations per statement

RAM used: 7 (2%) at main() level
          7 (2%) worst case

Stack used: 0 worst case (out of 8 total available)

Lines Stmts  %   Files
----- ----- ---  -----
   49    16 100  WdtUyg.c
  285     0   0  ..\..\..\..\..\..\..\..\..\Program Files (x86)\PICC\devices\16F877.h
----- -----
  334    16 Total

Page ROM  %  RAM   Vol Diff  Functions:
---- --- --- ---   --- ----  ----------
0     67  94   0   308  1.9  main

Program metrics:
    Functions               1
    Statements              16
    Comments                68
    Volume (V)              308
    Difficilty (D)          1.9
    Effort to implement (E) 573
    Time to implement (T)   1 minutes
    Est Delivered Bugs (B)  0
    Cyclomatic Complexity   1
    Maintainability (MI)    106

 Segment     Used  Free
-----------  ----  ----
00000-00003     4  0  
00004-007FF    67  1977  
00800-00FFF     0  2048  
01000-017FF     0  2048  
01800-01FFF     0  2048  



