
ROM used: 114 (1%)
          114 (1%) including unused fragments

          0 Average locations per line
          6 Average locations per statement

RAM used: 15 (4%) at main() level
          15 (4%) worst case

Stack used: 1 worst case (out of 7 total available)

Lines Stmts  %   Files
----- ----- ---  -----
   58    20 100  timer1Uyg2.c
  285     0   0  ..\..\..\..\..\..\..\..\..\Program Files (x86)\PICC\devices\16F877.h
----- -----
  343    20 Total

Page ROM  %  RAM   Vol Diff  Functions:
---- --- --- ---   --- ----  ----------
0     14  12   0    92  2.9  timer1_kesme
0     47  41   0   336  2.8  MAIN

Program metrics:
    Functions               2
    Statements              20
    Comments                70
    Volume (V)              499
    Difficilty (D)          5.9
    Effort to implement (E) 2944
    Time to implement (T)   3 minutes
    Est Delivered Bugs (B)  0
    Cyclomatic Complexity   1
    Maintainability (MI)    118

 Segment     Used  Free
-----------  ----  ----
00000-00003     4  0  
00004-00034    49  0  
00035-007FF    61  1934  
00800-00FFF     0  2048  
01000-017FF     0  2048  
01800-01FFF     0  2048  



