
ROM used: 153 (2%)
          153 (2%) including unused fragments

          0 Average locations per line
          7 Average locations per statement

RAM used: 16 (4%) at main() level
          18 (5%) worst case

Stack used: 2 worst case (out of 6 total available)

Lines Stmts  %   Files
----- ----- ---  -----
   61    21 100  timer2Uyg.c
  285     0   0  ..\..\..\..\..\..\..\..\..\Program Files (x86)\PICC\devices\16F877.h
----- -----
  346    21 Total

Page ROM  %  RAM   Vol Diff  Functions:
---- --- --- ---   --- ----  ----------
0     21  14   1             @delay_ms1
0     21  14   1    82  1.6  timer2_kesme
0     58  38   0   354  2.8  MAIN

Program metrics:
    Functions               2
    Statements              21
    Comments                68
    Volume (V)              509
    Difficilty (D)          4.4
    Effort to implement (E) 2261
    Time to implement (T)   2 minutes
    Est Delivered Bugs (B)  0
    Cyclomatic Complexity   1
    Maintainability (MI)    123

 Segment     Used  Free
-----------  ----  ----
00000-00003     4  0  
00004-00034    49  0  
00035-007FF   100  1895  
00800-00FFF     0  2048  
01000-017FF     0  2048  
01800-01FFF     0  2048  



