
ROM used: 195 (2%)
          195 (2%) including unused fragments

          1 Average locations per line
          5 Average locations per statement

RAM used: 8 (2%) at main() level
          10 (3%) worst case

Stack used: 1 worst case (out of 8 total available)

Lines Stmts  %   Files
----- ----- ---  -----
   97    41 100  8255.c
  285     0   0  ..\..\..\..\..\..\..\..\Program Files (x86)\PICC\devices\16F877.h
----- -----
  382    41 Total

Page ROM  %  RAM   Vol Diff  Functions:
---- --- --- ---   --- ----  ----------
0     60  31   2   344  4.3  _8255_yazma
0     70  36   1   334  4.1  _8255_okuma
0     61  31   0   328  2.8  MAIN

Program metrics:
    Functions               3
    Statements              41
    Comments                71
    Volume (V)              1321
    Difficilty (D)          11.2
    Effort to implement (E) 14837
    Time to implement (T)   14 minutes
    Est Delivered Bugs (B)  0
    Cyclomatic Complexity   10
    Maintainability (MI)    144

 Segment     Used  Free
-----------  ----  ----
00000-00003     4  0  
00004-007FF   191  1853  
00800-00FFF     0  2048  
01000-017FF     0  2048  
01800-01FFF     0  2048  



